<?xml version="1.0" encoding="UTF-8"?>
<testsuite name="comunidades.tesoreria.capacitacion.ShoppingTest" tests="2" skipped="1" failures="1" errors="0" timestamp="2024-11-25T05:29:51" hostname="LP94E979BDDCBB" time="7.866">
  <properties/>
  <testcase name="setup" classname="comunidades.tesoreria.capacitacion.ShoppingTest" time="7.866">
    <failure message="io.github.bonigarcia.wdm.config.WebDriverManagerException: java.net.SocketException: Connection reset" type="io.github.bonigarcia.wdm.config.WebDriverManagerException">io.github.bonigarcia.wdm.config.WebDriverManagerException: java.net.SocketException: Connection reset
	at app//io.github.bonigarcia.wdm.WebDriverManager.handleException(WebDriverManager.java:1421)
	at app//io.github.bonigarcia.wdm.WebDriverManager.manage(WebDriverManager.java:1190)
	at app//io.github.bonigarcia.wdm.WebDriverManager.fallback(WebDriverManager.java:1437)
	at app//io.github.bonigarcia.wdm.WebDriverManager.handleException(WebDriverManager.java:1415)
	at app//io.github.bonigarcia.wdm.WebDriverManager.manage(WebDriverManager.java:1190)
	at app//io.github.bonigarcia.wdm.WebDriverManager.setup(WebDriverManager.java:427)
	at app//framework.TestScriptWebSelenium.driverConnection(TestScriptWebSelenium.java:202)
	at app//framework.TestScriptWebSelenium.&lt;init&gt;(TestScriptWebSelenium.java:163)
	at app//framework.generalUtilities.HookPersonas.setup(HookPersonas.java:30)
	at java.base@11.0.25/jdk.internal.reflect.NativeMethodAccessorImpl.invoke0(Native Method)
	at java.base@11.0.25/jdk.internal.reflect.NativeMethodAccessorImpl.invoke(NativeMethodAccessorImpl.java:62)
	at java.base@11.0.25/jdk.internal.reflect.DelegatingMethodAccessorImpl.invoke(DelegatingMethodAccessorImpl.java:43)
	at java.base@11.0.25/java.lang.reflect.Method.invoke(Method.java:566)
	at app//org.testng.internal.invokers.MethodInvocationHelper.invokeMethod(MethodInvocationHelper.java:135)
	at app//org.testng.internal.invokers.MethodInvocationHelper.invokeMethodConsideringTimeout(MethodInvocationHelper.java:65)
	at app//org.testng.internal.invokers.ConfigInvoker.invokeConfigurationMethod(ConfigInvoker.java:381)
	at app//org.testng.internal.invokers.ConfigInvoker.invokeConfigurations(ConfigInvoker.java:319)
	at app//org.testng.internal.invokers.TestInvoker.runConfigMethods(TestInvoker.java:803)
	at app//org.testng.internal.invokers.TestInvoker.invokeMethod(TestInvoker.java:589)
	at app//org.testng.internal.invokers.TestInvoker.invokeTestMethod(TestInvoker.java:220)
	at app//org.testng.internal.invokers.MethodRunner.runInSequence(MethodRunner.java:50)
	at app//org.testng.internal.invokers.TestInvoker$MethodInvocationAgent.invoke(TestInvoker.java:945)
	at app//org.testng.internal.invokers.TestInvoker.invokeTestMethods(TestInvoker.java:193)
	at app//org.testng.internal.invokers.TestMethodWorker.invokeTestMethods(TestMethodWorker.java:146)
	at app//org.testng.internal.invokers.TestMethodWorker.run(TestMethodWorker.java:128)
	at java.base@11.0.25/java.util.ArrayList.forEach(ArrayList.java:1541)
	at app//org.testng.TestRunner.privateRun(TestRunner.java:808)
	at app//org.testng.TestRunner.run(TestRunner.java:603)
	at app//org.testng.SuiteRunner.runTest(SuiteRunner.java:429)
	at app//org.testng.SuiteRunner.runSequentially(SuiteRunner.java:423)
	at app//org.testng.SuiteRunner.privateRun(SuiteRunner.java:383)
	at app//org.testng.SuiteRunner.run(SuiteRunner.java:326)
	at app//org.testng.SuiteRunnerWorker.runSuite(SuiteRunnerWorker.java:52)
	at app//org.testng.SuiteRunnerWorker.run(SuiteRunnerWorker.java:95)
	at app//org.testng.TestNG.runSuitesSequentially(TestNG.java:1249)
	at app//org.testng.TestNG.runSuitesLocally(TestNG.java:1169)
	at app//org.testng.TestNG.runSuites(TestNG.java:1092)
	at app//org.testng.TestNG.run(TestNG.java:1060)
	at org.gradle.api.internal.tasks.testing.testng.TestNGTestClassProcessor.runTests(TestNGTestClassProcessor.java:141)
	at org.gradle.api.internal.tasks.testing.testng.TestNGTestClassProcessor.stop(TestNGTestClassProcessor.java:90)
	at org.gradle.api.internal.tasks.testing.SuiteTestClassProcessor.stop(SuiteTestClassProcessor.java:61)
	at java.base@11.0.25/jdk.internal.reflect.NativeMethodAccessorImpl.invoke0(Native Method)
	at java.base@11.0.25/jdk.internal.reflect.NativeMethodAccessorImpl.invoke(NativeMethodAccessorImpl.java:62)
	at java.base@11.0.25/jdk.internal.reflect.DelegatingMethodAccessorImpl.invoke(DelegatingMethodAccessorImpl.java:43)
	at java.base@11.0.25/java.lang.reflect.Method.invoke(Method.java:566)
	at org.gradle.internal.dispatch.ReflectionDispatch.dispatch(ReflectionDispatch.java:36)
	at org.gradle.internal.dispatch.ReflectionDispatch.dispatch(ReflectionDispatch.java:24)
	at org.gradle.internal.dispatch.ContextClassLoaderDispatch.dispatch(ContextClassLoaderDispatch.java:33)
	at org.gradle.internal.dispatch.ProxyDispatchAdapter$DispatchingInvocationHandler.invoke(ProxyDispatchAdapter.java:94)
	at com.sun.proxy.$Proxy2.stop(Unknown Source)
	at org.gradle.api.internal.tasks.testing.worker.TestWorker$3.run(TestWorker.java:193)
	at org.gradle.api.internal.tasks.testing.worker.TestWorker.executeAndMaintainThreadName(TestWorker.java:129)
	at org.gradle.api.internal.tasks.testing.worker.TestWorker.execute(TestWorker.java:100)
	at org.gradle.api.internal.tasks.testing.worker.TestWorker.execute(TestWorker.java:60)
	at org.gradle.process.internal.worker.child.ActionExecutionWorker.execute(ActionExecutionWorker.java:56)
	at org.gradle.process.internal.worker.child.SystemApplicationClassLoaderWorker.call(SystemApplicationClassLoaderWorker.java:133)
	at org.gradle.process.internal.worker.child.SystemApplicationClassLoaderWorker.call(SystemApplicationClassLoaderWorker.java:71)
	at app//worker.org.gradle.process.internal.worker.GradleWorkerMain.run(GradleWorkerMain.java:69)
	at app//worker.org.gradle.process.internal.worker.GradleWorkerMain.main(GradleWorkerMain.java:74)
Caused by: java.net.SocketException: Connection reset
	at java.base/java.net.SocketInputStream.read(SocketInputStream.java:186)
	at java.base/java.net.SocketInputStream.read(SocketInputStream.java:140)
	at java.base/sun.security.ssl.SSLSocketInputRecord.read(SSLSocketInputRecord.java:484)
	at java.base/sun.security.ssl.SSLSocketInputRecord.readHeader(SSLSocketInputRecord.java:478)
	at java.base/sun.security.ssl.SSLSocketInputRecord.decode(SSLSocketInputRecord.java:160)
	at java.base/sun.security.ssl.SSLTransport.decode(SSLTransport.java:111)
	at java.base/sun.security.ssl.SSLSocketImpl.decode(SSLSocketImpl.java:1511)
	at java.base/sun.security.ssl.SSLSocketImpl.readHandshakeRecord(SSLSocketImpl.java:1421)
	at java.base/sun.security.ssl.SSLSocketImpl.startHandshake(SSLSocketImpl.java:456)
	at java.base/sun.security.ssl.SSLSocketImpl.startHandshake(SSLSocketImpl.java:427)
	at org.apache.hc.client5.http.ssl.SSLConnectionSocketFactory.executeHandshake(SSLConnectionSocketFactory.java:303)
	at org.apache.hc.client5.http.ssl.SSLConnectionSocketFactory.createLayeredSocket(SSLConnectionSocketFactory.java:275)
	at org.apache.hc.client5.http.ssl.SSLConnectionSocketFactory.connectSocket(SSLConnectionSocketFactory.java:251)
	at org.apache.hc.client5.http.impl.io.DefaultHttpClientConnectionOperator.connect(DefaultHttpClientConnectionOperator.java:181)
	at org.apache.hc.client5.http.impl.io.PoolingHttpClientConnectionManager.connect(PoolingHttpClientConnectionManager.java:447)
	at org.apache.hc.client5.http.impl.classic.InternalExecRuntime.connectEndpoint(InternalExecRuntime.java:162)
	at org.apache.hc.client5.http.impl.classic.InternalExecRuntime.connectEndpoint(InternalExecRuntime.java:172)
	at org.apache.hc.client5.http.impl.classic.ConnectExec.execute(ConnectExec.java:142)
	at org.apache.hc.client5.http.impl.classic.ExecChainElement.execute(ExecChainElement.java:51)
	at org.apache.hc.client5.http.impl.classic.ProtocolExec.execute(ProtocolExec.java:192)
	at org.apache.hc.client5.http.impl.classic.ExecChainElement.execute(ExecChainElement.java:51)
	at org.apache.hc.client5.http.impl.classic.HttpRequestRetryExec.execute(HttpRequestRetryExec.java:96)
	at org.apache.hc.client5.http.impl.classic.ExecChainElement.execute(ExecChainElement.java:51)
	at org.apache.hc.client5.http.impl.classic.ContentCompressionExec.execute(ContentCompressionExec.java:152)
	at org.apache.hc.client5.http.impl.classic.ExecChainElement.execute(ExecChainElement.java:51)
	at org.apache.hc.client5.http.impl.classic.RedirectExec.execute(RedirectExec.java:115)
	at org.apache.hc.client5.http.impl.classic.ExecChainElement.execute(ExecChainElement.java:51)
	at org.apache.hc.client5.http.impl.classic.InternalHttpClient.doExecute(InternalHttpClient.java:170)
	at org.apache.hc.client5.http.impl.classic.CloseableHttpClient.execute(CloseableHttpClient.java:87)
	at org.apache.hc.client5.http.impl.classic.CloseableHttpClient.execute(CloseableHttpClient.java:55)
	at org.apache.hc.client5.http.classic.HttpClient.executeOpen(HttpClient.java:183)
	at io.github.bonigarcia.wdm.online.HttpClient.execute(HttpClient.java:157)
	at io.github.bonigarcia.wdm.online.Parser.parseJson(Parser.java:54)
	at io.github.bonigarcia.wdm.managers.ChromeDriverManager.getDriverUrls(ChromeDriverManager.java:117)
	at io.github.bonigarcia.wdm.WebDriverManager.createUrlHandler(WebDriverManager.java:1442)
	at io.github.bonigarcia.wdm.WebDriverManager.download(WebDriverManager.java:1268)
	at io.github.bonigarcia.wdm.WebDriverManager.manage(WebDriverManager.java:1184)
	... 57 more
</failure>
  </testcase>
  <testcase name="ShoppingTest" classname="comunidades.tesoreria.capacitacion.ShoppingTest" time="0.0">
    <skipped/>
  </testcase>
  <system-out><![CDATA[Test name: ShoppingTest
name ShoppingTest
navegaro CHROME
]]></system-out>
  <system-err><![CDATA[nov. 25, 2024 2:29:57 A. M. framework.TestScriptWebSelenium <init>
INFORMACIÓN: *******Navegador Por Datapool*********
]]></system-err>
</testsuite>
